{"level":"warn","message":"Se intento acceder a una ruta no valida"}
{"level":"warn","message":"Se intento acceder a una ruta no valida - /favicon.ico"}
{"level":"warn","message":"26/7/2023: Se intento acceder a una ruta no valida - /favicon.ico"}
{"level":"warn","message":"26/7/2023: Se intento acceder a una ruta no valida - /favicon.ico"}
{"level":"warn","message":"26/7/2023: Usuario cerro Sesion - /logout"}
{"level":"warn","message":"26/7/2023: Se intento acceder a una ruta no valida - /favicon.ico"}
{"level":"warn","message":"7/8/2023: Se intento acceder a una ruta no valida - /favicon.ico"}
{"level":"warn","message":"7/8/2023: Se intento acceder a una ruta no valida - /class=%22card-img-top%22"}
{"level":"warn","message":"7/8/2023: Se intento acceder a una ruta no valida - /favicon.ico"}
{"level":"warn","message":"7/8/2023: Usuario cerro Sesion - /logout"}
{"level":"warn","message":"7/8/2023: Se intento acceder a una ruta no valida - /favicon.ico"}
{"level":"warn","message":"7/8/2023: Se intento acceder a una ruta no valida - /favicon.ico"}
{"level":"warn","message":"7/8/2023: Se intento acceder a una ruta no valida - /favicon.ico"}
{"level":"warn","message":"7/8/2023: Se intento acceder a una ruta no valida - /favicon.ico"}
{"level":"warn","message":"7/8/2023: Se intento acceder a una ruta no valida - /favicon.ico"}
{"level":"warn","message":"7/8/2023: Se intento acceder a una ruta no valida - /favicon.ico"}
{"level":"warn","message":"7/8/2023: Se intento acceder a una ruta no valida - /favicon.ico"}
{"level":"warn","message":"7/8/2023: Se intento acceder a una ruta no valida - /favicon.ico"}
{"level":"warn","message":"7/8/2023: Se intento acceder a una ruta no valida - /favicon.ico"}
{"level":"warn","message":"7/8/2023: Se intento acceder a una ruta no valida - /favicon.ico"}
{"level":"warn","message":"7/8/2023: Se intento acceder a una ruta no valida - /favicon.ico"}
{"level":"warn","message":"7/8/2023: Se intento acceder a una ruta no valida - /favicon.ico"}
{"level":"warn","message":"7/8/2023: Se intento acceder a una ruta no valida - /favicon.ico"}
{"level":"warn","message":"7/8/2023: Se intento acceder a una ruta no valida - /favicon.ico"}
{"level":"warn","message":"7/8/2023: Se intento acceder a una ruta no valida - /favicon.ico"}
{"level":"warn","message":"7/8/2023: Se intento acceder a una ruta no valida - /favicon.ico"}
{"level":"warn","message":"7/8/2023: Se intento acceder a una ruta no valida - /favicon.ico"}
{"level":"warn","message":"7/8/2023: Se intento acceder a una ruta no valida - /favicon.ico"}
{"level":"warn","message":"7/8/2023: Se intento acceder a una ruta no valida - /favicon.ico"}
{"level":"warn","message":"7/8/2023: Se intento acceder a una ruta no valida - /favicon.ico"}
{"level":"warn","message":"7/8/2023: Se intento acceder a una ruta no valida - /favicon.ico"}
{"level":"warn","message":"7/8/2023: Se intento acceder a una ruta no valida - /favicon.ico"}
{"level":"warn","message":"7/8/2023: Se intento acceder a una ruta no valida - /favicon.ico"}
{"level":"warn","message":"7/8/2023: Se intento acceder a una ruta no valida - /favicon.ico"}
{"level":"warn","message":"7/8/2023: Se intento acceder a una ruta no valida - /favicon.ico"}
{"level":"warn","message":"7/8/2023: Se intento acceder a una ruta no valida - /favicon.ico"}
{"level":"warn","message":"7/8/2023: Se intento acceder a una ruta no valida - /favicon.ico"}
{"level":"warn","message":"7/8/2023: Se intento acceder a una ruta no valida - /favicon.ico"}
{"level":"warn","message":"7/8/2023: Se intento acceder a una ruta no valida - /favicon.ico"}
{"level":"warn","message":"7/8/2023: Se intento acceder a una ruta no valida - /favicon.ico"}
{"level":"warn","message":"7/8/2023: Se intento acceder a una ruta no valida - /favicon.ico"}
{"level":"warn","message":"7/8/2023: Se intento acceder a una ruta no valida - /favicon.ico"}
{"level":"warn","message":"7/8/2023: Se intento acceder a una ruta no valida - /favicon.ico"}
{"level":"warn","message":"7/8/2023: Se intento acceder a una ruta no valida - /favicon.ico"}
{"level":"warn","message":"7/8/2023: Se intento acceder a una ruta no valida - /favicon.ico"}
{"level":"warn","message":"7/8/2023: Se intento acceder a una ruta no valida - /favicon.ico"}
{"level":"warn","message":"7/8/2023: Se intento acceder a una ruta no valida - /favicon.ico"}
{"level":"warn","message":"7/8/2023: Se intento acceder a una ruta no valida - /favicon.ico"}
{"level":"warn","message":"7/8/2023: Se intento acceder a una ruta no valida - /favicon.ico"}
{"level":"warn","message":"7/8/2023: Se intento acceder a una ruta no valida - /favicon.ico"}
{"level":"warn","message":"7/8/2023: Se intento acceder a una ruta no valida - /favicon.ico"}
{"level":"warn","message":"7/8/2023: Se intento acceder a una ruta no valida - /favicon.ico"}
{"level":"warn","message":"7/8/2023: Se intento acceder a una ruta no valida - /favicon.ico"}
{"level":"warn","message":"7/8/2023: Se intento acceder a una ruta no valida - /favicon.ico"}
{"level":"warn","message":"7/8/2023: Se intento acceder a una ruta no valida - /favicon.ico"}
{"level":"warn","message":"7/8/2023: Se intento acceder a una ruta no valida - /favicon.ico"}
{"level":"warn","message":"7/8/2023: Se intento acceder a una ruta no valida - /favicon.ico"}
{"level":"warn","message":"7/8/2023: Se intento acceder a una ruta no valida - /favicon.ico"}
{"level":"warn","message":"7/8/2023: Se intento acceder a una ruta no valida - /favicon.ico"}
{"level":"warn","message":"7/8/2023: Se intento acceder a una ruta no valida - /favicon.ico"}
{"level":"warn","message":"7/8/2023: Se intento acceder a una ruta no valida - /favicon.ico"}
{"level":"warn","message":"7/8/2023: Se intento acceder a una ruta no valida - /favicon.ico"}
{"level":"warn","message":"7/8/2023: Se intento acceder a una ruta no valida - /favicon.ico"}
{"level":"warn","message":"7/8/2023: Se intento acceder a una ruta no valida - /favicon.ico"}
{"level":"warn","message":"7/8/2023: Se intento acceder a una ruta no valida - /favicon.ico"}
{"level":"warn","message":"7/8/2023: Se intento acceder a una ruta no valida - /favicon.ico"}
{"level":"warn","message":"7/8/2023: Se intento acceder a una ruta no valida - /favicon.ico"}
{"level":"warn","message":"7/8/2023: Se intento acceder a una ruta no valida - /favicon.ico"}
{"level":"warn","message":"7/8/2023: Se intento acceder a una ruta no valida - /favicon.ico"}
{"level":"warn","message":"7/8/2023: Se intento acceder a una ruta no valida - /favicon.ico"}
{"level":"warn","message":"7/8/2023: Se intento acceder a una ruta no valida - /favicon.ico"}
{"level":"warn","message":"7/8/2023: Se intento acceder a una ruta no valida - /favicon.ico"}
{"level":"warn","message":"7/8/2023: Se intento acceder a una ruta no valida - /favicon.ico"}
{"level":"warn","message":"7/8/2023: Se intento acceder a una ruta no valida - /favicon.ico"}
{"level":"warn","message":"7/8/2023: Se intento acceder a una ruta no valida - /favicon.ico"}
{"level":"warn","message":"7/8/2023: Se intento acceder a una ruta no valida - /favicon.ico"}
{"level":"warn","message":"7/8/2023: Se intento acceder a una ruta no valida - /favicon.ico"}
{"level":"warn","message":"7/8/2023: Se intento acceder a una ruta no valida - /favicon.ico"}
{"level":"warn","message":"7/8/2023: Se intento acceder a una ruta no valida - /favicon.ico"}
{"level":"warn","message":"7/8/2023: Se intento acceder a una ruta no valida - /favicon.ico"}
{"level":"warn","message":"7/8/2023: Se intento acceder a una ruta no valida - /favicon.ico"}
{"level":"warn","message":"7/8/2023: Se intento acceder a una ruta no valida - /favicon.ico"}
{"level":"warn","message":"7/8/2023: Se intento acceder a una ruta no valida - /favicon.ico"}
{"level":"warn","message":"7/8/2023: Se intento acceder a una ruta no valida - /favicon.ico"}
{"level":"warn","message":"7/8/2023: Se intento acceder a una ruta no valida - /favicon.ico"}
{"level":"warn","message":"7/8/2023: Se intento acceder a una ruta no valida - /favicon.ico"}
{"level":"warn","message":"7/8/2023: Se intento acceder a una ruta no valida - /favicon.ico"}
{"level":"warn","message":"7/8/2023: Se intento acceder a una ruta no valida - /favicon.ico"}
{"level":"warn","message":"7/8/2023: Se intento acceder a una ruta no valida - /favicon.ico"}
{"level":"warn","message":"7/8/2023: Se intento acceder a una ruta no valida - /favicon.ico"}
{"level":"warn","message":"7/8/2023: Se intento acceder a una ruta no valida - /favicon.ico"}
{"level":"warn","message":"7/8/2023: Se intento acceder a una ruta no valida - /favicon.ico"}
{"level":"warn","message":"7/8/2023: Se intento acceder a una ruta no valida - /favicon.ico"}
{"level":"warn","message":"7/8/2023: Se intento acceder a una ruta no valida - /favicon.ico"}
{"level":"warn","message":"7/8/2023: Se intento acceder a una ruta no valida - /favicon.ico"}
{"level":"warn","message":"7/8/2023: Se intento acceder a una ruta no valida - /favicon.ico"}
{"level":"warn","message":"7/8/2023: Se intento acceder a una ruta no valida - /favicon.ico"}
{"level":"warn","message":"7/8/2023: Se intento acceder a una ruta no valida - /favicon.ico"}
{"level":"warn","message":"7/8/2023: Se intento acceder a una ruta no valida - /favicon.ico"}
{"level":"warn","message":"7/8/2023: Se intento acceder a una ruta no valida - /favicon.ico"}
{"level":"warn","message":"7/8/2023: Se intento acceder a una ruta no valida - /favicon.ico"}
{"level":"warn","message":"7/8/2023: Se intento acceder a una ruta no valida - /favicon.ico"}
{"level":"warn","message":"7/8/2023: Se intento acceder a una ruta no valida - /favicon.ico"}
{"level":"warn","message":"7/8/2023: Se intento acceder a una ruta no valida - /favicon.ico"}
{"level":"warn","message":"7/8/2023: Se intento acceder a una ruta no valida - /favicon.ico"}
{"level":"warn","message":"7/8/2023: Se intento acceder a una ruta no valida - /favicon.ico"}
{"level":"warn","message":"7/8/2023: Se intento acceder a una ruta no valida - /favicon.ico"}
{"level":"warn","message":"7/8/2023: Se intento acceder a una ruta no valida - /favicon.ico"}
{"level":"warn","message":"7/8/2023: Se intento acceder a una ruta no valida - /favicon.ico"}
{"level":"warn","message":"7/8/2023: Se intento acceder a una ruta no valida - /favicon.ico"}
{"level":"warn","message":"7/8/2023: Se intento acceder a una ruta no valida - /favicon.ico"}
{"level":"warn","message":"7/8/2023: Se intento acceder a una ruta no valida - /favicon.ico"}
{"level":"warn","message":"7/8/2023: Se intento acceder a una ruta no valida - /favicon.ico"}
{"level":"warn","message":"7/8/2023: Se intento acceder a una ruta no valida - /favicon.ico"}
{"level":"warn","message":"7/8/2023: Se intento acceder a una ruta no valida - /favicon.ico"}
{"level":"warn","message":"7/8/2023: Se intento acceder a una ruta no valida - /favicon.ico"}
{"level":"warn","message":"7/8/2023: Se intento acceder a una ruta no valida - /favicon.ico"}
{"level":"warn","message":"7/8/2023: Se intento acceder a una ruta no valida - /favicon.ico"}
{"level":"warn","message":"7/8/2023: Se intento acceder a una ruta no valida - /favicon.ico"}
{"level":"warn","message":"7/8/2023: Se intento acceder a una ruta no valida - /favicon.ico"}
{"level":"warn","message":"7/8/2023: Se intento acceder a una ruta no valida - /favicon.ico"}
{"level":"warn","message":"7/8/2023: Se intento acceder a una ruta no valida - /class=%22card-img-top%22"}
{"level":"warn","message":"7/8/2023: Se intento acceder a una ruta no valida - /favicon.ico"}
{"level":"warn","message":"7/8/2023: Usuario cerro Sesion - /logout"}
{"level":"warn","message":"7/8/2023: Se intento acceder a una ruta no valida - /favicon.ico"}
{"level":"warn","message":"7/8/2023: Se intento acceder a una ruta no valida - /favicon.ico"}
{"level":"warn","message":"7/8/2023: Se intento acceder a una ruta no valida - /favicon.ico"}
{"level":"warn","message":"7/8/2023: Se intento acceder a una ruta no valida - /class=%22card-img-top%22"}
{"level":"warn","message":"7/8/2023: Se intento acceder a una ruta no valida - /favicon.ico"}
{"level":"warn","message":"7/8/2023: Usuario cerro Sesion - /logout"}
{"level":"warn","message":"7/8/2023: Se intento acceder a una ruta no valida - /favicon.ico"}
{"level":"warn","message":"8/8/2023: Se intento acceder a una ruta no valida - /favicon.ico"}
{"level":"warn","message":"8/8/2023: Se intento acceder a una ruta no valida - /favicon.ico"}
{"level":"warn","message":"8/8/2023: Se intento acceder a una ruta no valida - /favicon.ico"}
{"level":"warn","message":"8/8/2023: Se intento acceder a una ruta no valida - /favicon.ico"}
{"level":"warn","message":"8/8/2023: Se intento acceder a una ruta no valida - /favicon.ico"}
{"level":"warn","message":"8/8/2023: Se intento acceder a una ruta no valida - /favicon.ico"}
{"level":"warn","message":"8/8/2023: Se intento acceder a una ruta no valida - /favicon.ico"}
{"level":"warn","message":"8/8/2023: Se intento acceder a una ruta no valida - /favicon.ico"}
{"level":"warn","message":"8/8/2023: Se intento acceder a una ruta no valida - /favicon.ico"}
{"level":"warn","message":"8/8/2023: Se intento acceder a una ruta no valida - /class=%22card-img-top%22"}
{"level":"warn","message":"8/8/2023: Se intento acceder a una ruta no valida - /favicon.ico"}
{"level":"warn","message":"8/8/2023: Se intento acceder a una ruta no valida - /class=%22card-img-top%22"}
{"level":"warn","message":"8/8/2023: Se intento acceder a una ruta no valida - /favicon.ico"}
{"level":"warn","message":"8/8/2023: Se intento acceder a una ruta no valida - /favicon.ico"}
{"level":"warn","message":"8/8/2023: Se intento acceder a una ruta no valida - /favicon.ico"}
{"level":"warn","message":"8/8/2023: Se intento acceder a una ruta no valida - /class=%22card-img-top%22"}
{"level":"warn","message":"8/8/2023: Se intento acceder a una ruta no valida - /favicon.ico"}
{"level":"warn","message":"8/8/2023: Se intento acceder a una ruta no valida - /favicon.ico"}
{"level":"warn","message":"8/8/2023: Se intento acceder a una ruta no valida - /favicon.ico"}
{"level":"warn","message":"8/8/2023: Se intento acceder a una ruta no valida - /class=%22card-img-top%22"}
{"level":"warn","message":"8/8/2023: Se intento acceder a una ruta no valida - /favicon.ico"}
{"level":"warn","message":"8/8/2023: Se intento acceder a una ruta no valida - /api/users/slopez@gmail.com"}
{"level":"warn","message":"8/8/2023: Se intento acceder a una ruta no valida - /api/users/premium/slopez@gmail.com"}
{"level":"warn","message":"14/8/2023: Se intento acceder a una ruta no valida - /favicon.ico"}
{"level":"warn","message":"14/8/2023: Se intento acceder a una ruta no valida - /favicon.ico"}
{"level":"warn","message":"14/8/2023: Se intento acceder a una ruta no valida - /apidocsa"}
{"level":"warn","message":"14/8/2023: Se intento acceder a una ruta no valida - /favicon.ico"}
{"level":"warn","message":"14/8/2023: Se intento acceder a una ruta no valida - /favicon.ico"}
{"level":"warn","message":"14/8/2023: Se intento acceder a una ruta no valida - /class=%22card-img-top%22"}
{"level":"warn","message":"14/8/2023: Se intento acceder a una ruta no valida - /favicon.ico"}
{"level":"warn","message":"14/8/2023: Se intento acceder a una ruta no valida - /class=%22card-img-top%22"}
{"level":"warn","message":"14/8/2023: Se intento acceder a una ruta no valida - /favicon.ico"}
{"level":"warn","message":"14/8/2023: Se intento acceder a una ruta no valida - /favicon.ico"}
{"level":"warn","message":"14/8/2023: Se intento acceder a una ruta no valida - /favicon.ico"}
{"level":"warn","message":"14/8/2023: Se intento acceder a una ruta no valida - /apidoc"}
{"level":"warn","message":"14/8/2023: Se intento acceder a una ruta no valida - /favicon.ico"}
{"level":"warn","message":"14/8/2023: Se intento acceder a una ruta no valida - /favicon.ico"}
{"level":"warn","message":"30/8/2023: Se intento acceder a una ruta no valida - /favicon.ico"}
{"level":"warn","message":"30/8/2023: Usuario cerro Sesion - /logout"}
{"level":"warn","message":"30/8/2023: Se intento acceder a una ruta no valida - /favicon.ico"}
{"level":"warn","message":"31/8/2023: Se intento acceder a una ruta no valida - /favicon.ico"}
{"level":"warn","message":"31/8/2023: Se intento acceder a una ruta no valida - /class=%22card-img-top%22"}
{"level":"warn","message":"31/8/2023: Se intento acceder a una ruta no valida - /favicon.ico"}
{"level":"warn","message":"31/8/2023: Usuario cerro Sesion - /logout"}
{"level":"warn","message":"31/8/2023: Se intento acceder a una ruta no valida - /favicon.ico"}
{"level":"warn","message":"5/9/2023: Se intento acceder a una ruta no valida - /favicon.ico"}
{"level":"warn","message":"5/9/2023: Se intento acceder a una ruta no valida - /favicon.ico"}
{"level":"warn","message":"5/9/2023: Se intento acceder a una ruta no valida - /api/carts/64aff08e4f64690b6ebba41f/product/64627a7fc0581ac4d1aadbf2"}
{"level":"warn","message":"5/9/2023: Se intento acceder a una ruta no valida - /api/carts/64aff08e4f64690b6ebba41f/product/64627a7fc0581ac4d1aadbf1"}
{"level":"warn","message":"5/9/2023: Se intento acceder a una ruta no valida - /favicon.ico"}
{"level":"warn","message":"5/9/2023: Se intento acceder a una ruta no valida - /favicon.ico"}
{"level":"warn","message":"5/9/2023: Se intento acceder a una ruta no valida - /api/carts/64aff08e4f64690b6ebba41f/product/64627a7fc0581ac4d1aadbf1"}
{"level":"warn","message":"5/9/2023: Se intento acceder a una ruta no valida - /api/carts/64aff08e4f64690b6ebba41f/product/64627a7fc0581ac4d1aadbf5"}
{"level":"warn","message":"5/9/2023: Se intento acceder a una ruta no valida - /favicon.ico"}
{"level":"warn","message":"5/9/2023: Se intento acceder a una ruta no valida - /favicon.ico"}
{"level":"warn","message":"5/9/2023: Se intento acceder a una ruta no valida - /api/carts/64aff08e4f64690b6ebba41f/product/64627a7fc0581ac4d1aadbf2"}
{"level":"warn","message":"5/9/2023: Se intento acceder a una ruta no valida - /favicon.ico"}
{"level":"warn","message":"5/9/2023: Se intento acceder a una ruta no valida - /carts/public/styles/styles.css"}
{"level":"warn","message":"5/9/2023: Se intento acceder a una ruta no valida - /favicon.ico"}
{"level":"warn","message":"5/9/2023: Se intento acceder a una ruta no valida - /api/carts/public/styles/styles.css"}
{"level":"warn","message":"5/9/2023: Se intento acceder a una ruta no valida - /favicon.ico"}
{"level":"warn","message":"5/9/2023: Se intento acceder a una ruta no valida - /favicon.ico"}
{"level":"warn","message":"5/9/2023: Se intento acceder a una ruta no valida - /api/carts/64aff08e4f64690b6ebba41f/product/64627a7fc0581ac4d1aadbf2"}
{"level":"warn","message":"6/9/2023: Se intento acceder a una ruta no valida - /favicon.ico"}
{"level":"warn","message":"6/9/2023: Se intento acceder a una ruta no valida - /class=%22card-img-top%22"}
{"level":"warn","message":"6/9/2023: Se intento acceder a una ruta no valida - /favicon.ico"}
{"level":"warn","message":"6/9/2023: Se intento acceder a una ruta no valida - /favicon.ico"}
{"level":"warn","message":"6/9/2023: Usuario cerro Sesion - /logout"}
{"level":"warn","message":"6/9/2023: Se intento acceder a una ruta no valida - /favicon.ico"}
{"level":"warn","message":"6/9/2023: Se intento acceder a una ruta no valida - /favicon.ico"}
{"level":"warn","message":"6/9/2023: Se intento acceder a una ruta no valida - /favicon.ico"}
{"level":"warn","message":"7/9/2023: Se intento acceder a una ruta no valida - /favicon.ico"}
{"level":"warn","message":"7/9/2023: Se intento acceder a una ruta no valida - /favicon.ico"}
{"level":"warn","message":"7/9/2023: Se intento acceder a una ruta no valida - /favicon.ico"}
{"level":"warn","message":"7/9/2023: Se intento acceder a una ruta no valida - /favicon.ico"}
{"level":"warn","message":"18/9/2023: Se intento acceder a una ruta no valida - /favicon.ico"}
{"level":"warn","message":"18/9/2023: Se intento acceder a una ruta no valida - /favicon.ico"}
{"level":"warn","message":"18/9/2023: Se intento acceder a una ruta no valida - /favicon.ico"}
{"level":"warn","message":"18/9/2023: Se intento acceder a una ruta no valida - /favicon.ico"}
{"level":"warn","message":"18/9/2023: Se intento acceder a una ruta no valida - /favicon.ico"}
{"level":"warn","message":"18/9/2023: Se intento acceder a una ruta no valida - /favicon.ico"}
{"level":"warn","message":"18/9/2023: Se intento acceder a una ruta no valida - /favicon.ico"}
{"level":"warn","message":"18/9/2023: Se intento acceder a una ruta no valida - /favicon.ico"}
{"level":"warn","message":"18/9/2023: Se intento acceder a una ruta no valida - /favicon.ico"}
{"level":"warn","message":"18/9/2023: Se intento acceder a una ruta no valida - /favicon.ico"}
{"level":"warn","message":"18/9/2023: Se intento acceder a una ruta no valida - /favicon.ico"}
{"level":"warn","message":"18/9/2023: Se intento acceder a una ruta no valida - /favicon.ico"}
{"level":"warn","message":"18/9/2023: Se intento acceder a una ruta no valida - /favicon.ico"}
{"level":"warn","message":"18/9/2023: Se intento acceder a una ruta no valida - /favicon.ico"}
{"level":"warn","message":"18/9/2023: Se intento acceder a una ruta no valida - /favicon.ico"}
{"level":"warn","message":"18/9/2023: Se intento acceder a una ruta no valida - /favicon.ico"}
{"level":"warn","message":"18/9/2023: Se intento acceder a una ruta no valida - /favicon.ico"}
{"level":"warn","message":"18/9/2023: Se intento acceder a una ruta no valida - /favicon.ico"}
{"level":"warn","message":"18/9/2023: Se intento acceder a una ruta no valida - /favicon.ico"}
{"level":"warn","message":"18/9/2023: Usuario cerro Sesion - /logout"}
{"level":"warn","message":"18/9/2023: Se intento acceder a una ruta no valida - /favicon.ico"}
{"level":"warn","message":"18/9/2023: Se intento acceder a una ruta no valida - /favicon.ico"}
{"level":"warn","message":"18/9/2023: Se intento acceder a una ruta no valida - /favicon.ico"}
{"level":"warn","message":"18/9/2023: Se intento acceder a una ruta no valida - /favicon.ico"}
{"level":"warn","message":"18/9/2023: Se intento acceder a una ruta no valida - /favicon.ico"}
{"level":"warn","message":"18/9/2023: Se intento acceder a una ruta no valida - /favicon.ico"}
{"level":"warn","message":"18/9/2023: Se intento acceder a una ruta no valida - /favicon.ico"}
{"level":"warn","message":"18/9/2023: Se intento acceder a una ruta no valida - /favicon.ico"}
{"level":"warn","message":"18/9/2023: Se intento acceder a una ruta no valida - /favicon.ico"}
{"level":"warn","message":"18/9/2023: Se intento acceder a una ruta no valida - /favicon.ico"}
{"level":"warn","message":"18/9/2023: Se intento acceder a una ruta no valida - /favicon.ico"}
{"level":"warn","message":"18/9/2023: Se intento acceder a una ruta no valida - /favicon.ico"}
{"level":"warn","message":"18/9/2023: Se intento acceder a una ruta no valida - /favicon.ico"}
{"level":"warn","message":"18/9/2023: Se intento acceder a una ruta no valida - /favicon.ico"}
{"level":"warn","message":"18/9/2023: Se intento acceder a una ruta no valida - /favicon.ico"}
{"level":"warn","message":"18/9/2023: Se intento acceder a una ruta no valida - /favicon.ico"}
{"level":"warn","message":"18/9/2023: Se intento acceder a una ruta no valida - /favicon.ico"}
{"level":"warn","message":"18/9/2023: Se intento acceder a una ruta no valida - /favicon.ico"}
{"level":"warn","message":"18/9/2023: Se intento acceder a una ruta no valida - /favicon.ico"}
{"level":"warn","message":"18/9/2023: Se intento acceder a una ruta no valida - /favicon.ico"}
{"level":"warn","message":"18/9/2023: Se intento acceder a una ruta no valida - /favicon.ico"}
{"level":"warn","message":"18/9/2023: Se intento acceder a una ruta no valida - /public/js/users.js"}
{"level":"warn","message":"18/9/2023: Se intento acceder a una ruta no valida - /favicon.ico"}
{"level":"warn","message":"18/9/2023: Se intento acceder a una ruta no valida - /public/js/users.js"}
{"level":"warn","message":"18/9/2023: Se intento acceder a una ruta no valida - /favicon.ico"}
{"level":"warn","message":"18/9/2023: Se intento acceder a una ruta no valida - /public/js/users.js"}
{"level":"warn","message":"18/9/2023: Se intento acceder a una ruta no valida - /favicon.ico"}
{"level":"warn","message":"18/9/2023: Se intento acceder a una ruta no valida - /favicon.ico"}
{"level":"warn","message":"18/9/2023: Se intento acceder a una ruta no valida - /favicon.ico"}
{"level":"warn","message":"18/9/2023: Se intento acceder a una ruta no valida - /favicon.ico"}
{"level":"warn","message":"18/9/2023: Se intento acceder a una ruta no valida - /favicon.ico"}
{"level":"warn","message":"18/9/2023: Se intento acceder a una ruta no valida - /favicon.ico"}
{"level":"warn","message":"18/9/2023: Se intento acceder a una ruta no valida - /favicon.ico"}
{"level":"warn","message":"18/9/2023: Se intento acceder a una ruta no valida - /favicon.ico"}
{"level":"warn","message":"18/9/2023: Se intento acceder a una ruta no valida - /favicon.ico"}
{"level":"warn","message":"18/9/2023: Se intento acceder a una ruta no valida - /favicon.ico"}
{"level":"warn","message":"18/9/2023: Se intento acceder a una ruta no valida - /favicon.ico"}
{"level":"warn","message":"18/9/2023: Se intento acceder a una ruta no valida - /favicon.ico"}
{"level":"warn","message":"18/9/2023: Se intento acceder a una ruta no valida - /favicon.ico"}
{"level":"warn","message":"18/9/2023: Se intento acceder a una ruta no valida - /favicon.ico"}
{"level":"warn","message":"18/9/2023: Se intento acceder a una ruta no valida - /favicon.ico"}
{"level":"warn","message":"18/9/2023: Se intento acceder a una ruta no valida - /favicon.ico"}
{"level":"warn","message":"18/9/2023: Se intento acceder a una ruta no valida - /favicon.ico"}
{"level":"warn","message":"18/9/2023: Se intento acceder a una ruta no valida - /favicon.ico"}
{"level":"warn","message":"18/9/2023: Se intento acceder a una ruta no valida - /favicon.ico"}
{"level":"warn","message":"18/9/2023: Se intento acceder a una ruta no valida - /favicon.ico"}
{"level":"warn","message":"18/9/2023: Se intento acceder a una ruta no valida - /favicon.ico"}
{"level":"warn","message":"18/9/2023: Se intento acceder a una ruta no valida - /favicon.ico"}
{"level":"warn","message":"18/9/2023: Se intento acceder a una ruta no valida - /favicon.ico"}
{"level":"warn","message":"18/9/2023: Se intento acceder a una ruta no valida - /favicon.ico"}
{"level":"warn","message":"18/9/2023: Se intento acceder a una ruta no valida - /favicon.ico"}
{"level":"warn","message":"18/9/2023: Se intento acceder a una ruta no valida - /favicon.ico"}
{"level":"warn","message":"18/9/2023: Se intento acceder a una ruta no valida - /favicon.ico"}
{"level":"warn","message":"18/9/2023: Se intento acceder a una ruta no valida - /favicon.ico"}
{"level":"warn","message":"18/9/2023: Se intento acceder a una ruta no valida - /favicon.ico"}
{"level":"warn","message":"18/9/2023: Se intento acceder a una ruta no valida - /favicon.ico"}
{"level":"warn","message":"18/9/2023: Se intento acceder a una ruta no valida - /favicon.ico"}
{"level":"warn","message":"18/9/2023: Se intento acceder a una ruta no valida - /favicon.ico"}
{"level":"warn","message":"18/9/2023: Se intento acceder a una ruta no valida - /favicon.ico"}
{"level":"warn","message":"18/9/2023: Se intento acceder a una ruta no valida - /favicon.ico"}
{"level":"warn","message":"18/9/2023: Se intento acceder a una ruta no valida - /favicon.ico"}
{"level":"warn","message":"18/9/2023: Se intento acceder a una ruta no valida - /favicon.ico"}
{"level":"warn","message":"18/9/2023: Se intento acceder a una ruta no valida - /favicon.ico"}
{"level":"warn","message":"18/9/2023: Se intento acceder a una ruta no valida - /favicon.ico"}
{"level":"warn","message":"18/9/2023: Se intento acceder a una ruta no valida - /favicon.ico"}
{"level":"warn","message":"18/9/2023: Se intento acceder a una ruta no valida - /favicon.ico"}
{"level":"warn","message":"18/9/2023: Se intento acceder a una ruta no valida - /favicon.ico"}
{"level":"warn","message":"18/9/2023: Se intento acceder a una ruta no valida - /favicon.ico"}
{"level":"warn","message":"18/9/2023: Se intento acceder a una ruta no valida - /favicon.ico"}
{"level":"warn","message":"18/9/2023: Se intento acceder a una ruta no valida - /favicon.ico"}
{"level":"warn","message":"18/9/2023: Se intento acceder a una ruta no valida - /favicon.ico"}
{"level":"warn","message":"18/9/2023: Se intento acceder a una ruta no valida - /favicon.ico"}
{"level":"warn","message":"18/9/2023: Se intento acceder a una ruta no valida - /favicon.ico"}
{"level":"warn","message":"18/9/2023: Se intento acceder a una ruta no valida - /favicon.ico"}
{"level":"warn","message":"18/9/2023: Se intento acceder a una ruta no valida - /favicon.ico"}
{"level":"warn","message":"18/9/2023: Se intento acceder a una ruta no valida - /favicon.ico"}
{"level":"warn","message":"18/9/2023: Se intento acceder a una ruta no valida - /favicon.ico"}
{"level":"warn","message":"18/9/2023: Se intento acceder a una ruta no valida - /favicon.ico"}
{"level":"warn","message":"18/9/2023: Se intento acceder a una ruta no valida - /favicon.ico"}
{"level":"warn","message":"18/9/2023: Se intento acceder a una ruta no valida - /favicon.ico"}
{"level":"warn","message":"18/9/2023: Se intento acceder a una ruta no valida - /favicon.ico"}
{"level":"warn","message":"18/9/2023: Se intento acceder a una ruta no valida - /favicon.ico"}
{"level":"warn","message":"18/9/2023: Se intento acceder a una ruta no valida - /favicon.ico"}
{"level":"warn","message":"18/9/2023: Se intento acceder a una ruta no valida - /favicon.ico"}
{"level":"warn","message":"18/9/2023: Se intento acceder a una ruta no valida - /favicon.ico"}
{"level":"warn","message":"18/9/2023: Se intento acceder a una ruta no valida - /favicon.ico"}
{"level":"warn","message":"18/9/2023: Se intento acceder a una ruta no valida - /favicon.ico"}
{"level":"warn","message":"18/9/2023: Se intento acceder a una ruta no valida - /favicon.ico"}
{"level":"warn","message":"18/9/2023: Se intento acceder a una ruta no valida - /favicon.ico"}
{"level":"warn","message":"18/9/2023: Se intento acceder a una ruta no valida - /favicon.ico"}
{"level":"warn","message":"18/9/2023: Se intento acceder a una ruta no valida - /favicon.ico"}
{"level":"warn","message":"18/9/2023: Se intento acceder a una ruta no valida - /favicon.ico"}
{"level":"warn","message":"18/9/2023: Se intento acceder a una ruta no valida - /favicon.ico"}
{"level":"warn","message":"18/9/2023: Se intento acceder a una ruta no valida - /favicon.ico"}
{"level":"warn","message":"18/9/2023: Se intento acceder a una ruta no valida - /favicon.ico"}
{"level":"warn","message":"18/9/2023: Se intento acceder a una ruta no valida - /favicon.ico"}
{"level":"warn","message":"18/9/2023: Se intento acceder a una ruta no valida - /favicon.ico"}
{"level":"warn","message":"18/9/2023: Se intento acceder a una ruta no valida - /favicon.ico"}
{"level":"warn","message":"18/9/2023: Se intento acceder a una ruta no valida - /usersz"}
{"level":"warn","message":"18/9/2023: Se intento acceder a una ruta no valida - /favicon.ico"}
{"level":"warn","message":"18/9/2023: Se intento acceder a una ruta no valida - /favicon.ico"}
{"level":"warn","message":"18/9/2023: Se intento acceder a una ruta no valida - /favicon.ico"}
{"level":"warn","message":"18/9/2023: Se intento acceder a una ruta no valida - /favicon.ico"}
{"level":"warn","message":"18/9/2023: Se intento acceder a una ruta no valida - /favicon.ico"}
{"level":"warn","message":"18/9/2023: Se intento acceder a una ruta no valida - /favicon.ico"}
{"level":"warn","message":"18/9/2023: Se intento acceder a una ruta no valida - /favicon.ico"}
{"level":"warn","message":"18/9/2023: Se intento acceder a una ruta no valida - /favicon.ico"}
{"level":"warn","message":"18/9/2023: Se intento acceder a una ruta no valida - /favicon.ico"}
{"level":"warn","message":"18/9/2023: Se intento acceder a una ruta no valida - /favicon.ico"}
{"level":"warn","message":"18/9/2023: Se intento acceder a una ruta no valida - /favicon.ico"}
{"level":"warn","message":"18/9/2023: Se intento acceder a una ruta no valida - /favicon.ico"}
{"level":"warn","message":"18/9/2023: Se intento acceder a una ruta no valida - /favicon.ico"}
{"level":"warn","message":"18/9/2023: Se intento acceder a una ruta no valida - /favicon.ico"}
{"level":"warn","message":"18/9/2023: Se intento acceder a una ruta no valida - /favicon.ico"}
{"level":"warn","message":"18/9/2023: Se intento acceder a una ruta no valida - /favicon.ico"}
{"level":"warn","message":"18/9/2023: Se intento acceder a una ruta no valida - /favicon.ico"}
{"level":"warn","message":"18/9/2023: Se intento acceder a una ruta no valida - /favicon.ico"}
{"level":"warn","message":"18/9/2023: Se intento acceder a una ruta no valida - /favicon.ico"}
{"level":"warn","message":"18/9/2023: Se intento acceder a una ruta no valida - /favicon.ico"}
{"level":"warn","message":"18/9/2023: Se intento acceder a una ruta no valida - /favicon.ico"}
{"level":"warn","message":"18/9/2023: Se intento acceder a una ruta no valida - /favicon.ico"}
{"level":"warn","message":"18/9/2023: Se intento acceder a una ruta no valida - /favicon.ico"}
{"level":"warn","message":"18/9/2023: Se intento acceder a una ruta no valida - /favicon.ico"}
{"level":"warn","message":"18/9/2023: Se intento acceder a una ruta no valida - /favicon.ico"}
{"level":"warn","message":"18/9/2023: Se intento acceder a una ruta no valida - /favicon.ico"}
{"level":"warn","message":"18/9/2023: Se intento acceder a una ruta no valida - /favicon.ico"}
{"level":"warn","message":"18/9/2023: Se intento acceder a una ruta no valida - /favicon.ico"}
{"level":"warn","message":"18/9/2023: Se intento acceder a una ruta no valida - /favicon.ico"}
{"level":"warn","message":"18/9/2023: Se intento acceder a una ruta no valida - /favicon.ico"}
{"level":"warn","message":"18/9/2023: Usuario cerro Sesion - /logout"}
{"level":"warn","message":"18/9/2023: Se intento acceder a una ruta no valida - /favicon.ico"}
{"level":"warn","message":"18/9/2023: Se intento acceder a una ruta no valida - /favicon.ico"}
{"level":"warn","message":"18/9/2023: Se intento acceder a una ruta no valida - /favicon.ico"}
{"level":"warn","message":"18/9/2023: Se intento acceder a una ruta no valida - /favicon.ico"}
{"level":"warn","message":"18/9/2023: Se intento acceder a una ruta no valida - /favicon.ico"}
{"level":"warn","message":"18/9/2023: Se intento acceder a una ruta no valida - /favicon.ico"}
{"level":"warn","message":"18/9/2023: Se intento acceder a una ruta no valida - /favicon.ico"}
{"level":"warn","message":"18/9/2023: Usuario cerro Sesion - /logout"}
{"level":"warn","message":"18/9/2023: Se intento acceder a una ruta no valida - /favicon.ico"}
{"level":"warn","message":"18/9/2023: Se intento acceder a una ruta no valida - /favicon.ico"}
{"level":"warn","message":"18/9/2023: Se intento acceder a una ruta no valida - /favicon.ico"}
{"level":"warn","message":"18/9/2023: Se intento acceder a una ruta no valida - /favicon.ico"}
{"level":"warn","message":"18/9/2023: Se intento acceder a una ruta no valida - /favicon.ico"}
{"level":"warn","message":"18/9/2023: Usuario cerro Sesion - /logout"}
{"level":"warn","message":"18/9/2023: Se intento acceder a una ruta no valida - /favicon.ico"}
{"level":"warn","message":"18/9/2023: Se intento acceder a una ruta no valida - /favicon.ico"}
{"level":"warn","message":"18/9/2023: Se intento acceder a una ruta no valida - /favicon.ico"}
{"level":"warn","message":"18/9/2023: Se intento acceder a una ruta no valida - /favicon.ico"}
{"level":"warn","message":"18/9/2023: Se intento acceder a una ruta no valida - /favicon.ico"}
{"level":"warn","message":"18/9/2023: Se intento acceder a una ruta no valida - /favicon.ico"}
{"level":"warn","message":"18/9/2023: Se intento acceder a una ruta no valida - /favicon.ico"}
{"level":"warn","message":"18/9/2023: Se intento acceder a una ruta no valida - /favicon.ico"}
{"level":"warn","message":"18/9/2023: Se intento acceder a una ruta no valida - /favicon.ico"}
{"level":"warn","message":"18/9/2023: Usuario cerro Sesion - /logout"}
{"level":"warn","message":"18/9/2023: Se intento acceder a una ruta no valida - /favicon.ico"}
{"level":"warn","message":"18/9/2023: Se intento acceder a una ruta no valida - /favicon.ico"}
{"level":"warn","message":"18/9/2023: Se intento acceder a una ruta no valida - /favicon.ico"}
{"level":"warn","message":"18/9/2023: Se intento acceder a una ruta no valida - /favicon.ico"}
{"level":"warn","message":"18/9/2023: Se intento acceder a una ruta no valida - /favicon.ico"}
{"level":"warn","message":"18/9/2023: Se intento acceder a una ruta no valida - /favicon.ico"}
{"level":"warn","message":"18/9/2023: Se intento acceder a una ruta no valida - /favicon.ico"}
{"level":"warn","message":"18/9/2023: Se intento acceder a una ruta no valida - /favicon.ico"}
{"level":"warn","message":"18/9/2023: Se intento acceder a una ruta no valida - /favicon.ico"}
{"level":"warn","message":"18/9/2023: Se intento acceder a una ruta no valida - /favicon.ico"}
{"level":"warn","message":"18/9/2023: Se intento acceder a una ruta no valida - /favicon.ico"}
{"level":"warn","message":"18/9/2023: Se intento acceder a una ruta no valida - /favicon.ico"}
{"level":"warn","message":"18/9/2023: Se intento acceder a una ruta no valida - /favicon.ico"}
{"level":"warn","message":"18/9/2023: Usuario cerro Sesion - /logout"}
{"level":"warn","message":"18/9/2023: Se intento acceder a una ruta no valida - /favicon.ico"}
{"level":"warn","message":"18/9/2023: Se intento acceder a una ruta no valida - /favicon.ico"}
{"level":"warn","message":"18/9/2023: Se intento acceder a una ruta no valida - /favicon.ico"}
{"level":"warn","message":"18/9/2023: Se intento acceder a una ruta no valida - /favicon.ico"}
{"level":"warn","message":"18/9/2023: Usuario cerro Sesion - /logout"}
{"level":"warn","message":"18/9/2023: Se intento acceder a una ruta no valida - /favicon.ico"}
{"level":"warn","message":"18/9/2023: Se intento acceder a una ruta no valida - /favicon.ico"}
{"level":"warn","message":"18/9/2023: Usuario cerro Sesion - /logout"}
{"level":"warn","message":"18/9/2023: Se intento acceder a una ruta no valida - /favicon.ico"}
{"level":"warn","message":"18/9/2023: Se intento acceder a una ruta no valida - /favicon.ico"}
{"level":"warn","message":"18/9/2023: Usuario cerro Sesion - /logout"}
{"level":"warn","message":"18/9/2023: Se intento acceder a una ruta no valida - /favicon.ico"}
{"level":"warn","message":"18/9/2023: Se intento acceder a una ruta no valida - /favicon.ico"}
{"level":"warn","message":"18/9/2023: Se intento acceder a una ruta no valida - /favicon.ico"}
{"level":"warn","message":"18/9/2023: Se intento acceder a una ruta no valida - /favicon.ico"}
{"level":"warn","message":"18/9/2023: Se intento acceder a una ruta no valida - /api/carts/64aff08e4f64690b6ebba41f/product/64627a7fc0581ac4d1aadbf1"}
{"level":"warn","message":"18/9/2023: Se intento acceder a una ruta no valida - /api/carts/64aff08e4f64690b6ebba41f/product/64627a7fc0581ac4d1aadbf2"}
{"level":"warn","message":"18/9/2023: Se intento acceder a una ruta no valida - /favicon.ico"}
{"level":"warn","message":"18/9/2023: Se intento acceder a una ruta no valida - /favicon.ico"}
{"level":"warn","message":"18/9/2023: Se intento acceder a una ruta no valida - /api/carts/64aff08e4f64690b6ebba41f/product/64627a7fc0581ac4d1aadbf1"}
{"level":"warn","message":"18/9/2023: Se intento acceder a una ruta no valida - /favicon.ico"}
{"level":"warn","message":"18/9/2023: Se intento acceder a una ruta no valida - /favicon.ico"}
{"level":"warn","message":"18/9/2023: Se intento acceder a una ruta no valida - /carts/public/styles/styles.css"}
{"level":"warn","message":"18/9/2023: Se intento acceder a una ruta no valida - /favicon.ico"}
{"level":"warn","message":"18/9/2023: Se intento acceder a una ruta no valida - /api/carts/public/styles/styles.css"}
{"level":"warn","message":"18/9/2023: Se intento acceder a una ruta no valida - /favicon.ico"}
{"level":"warn","message":"18/9/2023: Se intento acceder a una ruta no valida - /favicon.ico"}
{"level":"warn","message":"18/9/2023: Se intento acceder a una ruta no valida - /favicon.ico"}
{"level":"warn","message":"18/9/2023: Se intento acceder a una ruta no valida - /carts/public/styles/styles.css"}
{"level":"warn","message":"18/9/2023: Se intento acceder a una ruta no valida - /favicon.ico"}
{"level":"warn","message":"18/9/2023: Se intento acceder a una ruta no valida - /api/carts/public/styles/styles.css"}
{"level":"warn","message":"18/9/2023: Se intento acceder a una ruta no valida - /favicon.ico"}
{"level":"warn","message":"18/9/2023: Se intento acceder a una ruta no valida - /favicon.ico"}
{"level":"warn","message":"18/9/2023: Se intento acceder a una ruta no valida - /api/carts/public/styles/styles.css"}
{"level":"warn","message":"18/9/2023: Se intento acceder a una ruta no valida - /favicon.ico"}
{"level":"warn","message":"18/9/2023: Se intento acceder a una ruta no valida - /favicon.ico"}
{"level":"warn","message":"18/9/2023: Se intento acceder a una ruta no valida - /favicon.ico"}
{"level":"warn","message":"18/9/2023: Se intento acceder a una ruta no valida - /favicon.ico"}
{"level":"warn","message":"18/9/2023: Se intento acceder a una ruta no valida - /favicon.ico"}
{"level":"warn","message":"18/9/2023: Se intento acceder a una ruta no valida - /carts/public/styles/styles.css"}
{"level":"warn","message":"18/9/2023: Se intento acceder a una ruta no valida - /favicon.ico"}
{"level":"warn","message":"18/9/2023: Se intento acceder a una ruta no valida - /api/carts/public/styles/styles.css"}
{"level":"warn","message":"18/9/2023: Se intento acceder a una ruta no valida - /favicon.ico"}
{"level":"warn","message":"18/9/2023: Se intento acceder a una ruta no valida - /favicon.ico"}
{"level":"warn","message":"18/9/2023: Se intento acceder a una ruta no valida - /favicon.ico"}
{"level":"warn","message":"18/9/2023: Se intento acceder a una ruta no valida - /carts/public/styles/styles.css"}
{"level":"warn","message":"18/9/2023: Se intento acceder a una ruta no valida - /favicon.ico"}
{"level":"warn","message":"18/9/2023: Se intento acceder a una ruta no valida - /favicon.ico"}
{"level":"warn","message":"18/9/2023: Se intento acceder a una ruta no valida - /favicon.ico"}
{"level":"warn","message":"18/9/2023: Se intento acceder a una ruta no valida - /favicon.ico"}
{"level":"warn","message":"18/9/2023: Se intento acceder a una ruta no valida - /carts/public/styles/styles.css"}
{"level":"warn","message":"18/9/2023: Se intento acceder a una ruta no valida - /favicon.ico"}
{"level":"warn","message":"18/9/2023: Se intento acceder a una ruta no valida - /api/carts/public/styles/styles.css"}
{"level":"warn","message":"18/9/2023: Se intento acceder a una ruta no valida - /favicon.ico"}
{"level":"warn","message":"18/9/2023: Se intento acceder a una ruta no valida - /favicon.ico"}
{"level":"warn","message":"18/9/2023: Se intento acceder a una ruta no valida - /favicon.ico"}
{"level":"warn","message":"18/9/2023: Se intento acceder a una ruta no valida - /favicon.ico"}
{"level":"warn","message":"18/9/2023: Se intento acceder a una ruta no valida - /favicon.ico"}
{"level":"warn","message":"18/9/2023: Se intento acceder a una ruta no valida - /carts/public/styles/styles.css"}
{"level":"warn","message":"18/9/2023: Se intento acceder a una ruta no valida - /favicon.ico"}
{"level":"warn","message":"18/9/2023: Se intento acceder a una ruta no valida - /api/carts/public/styles/styles.css"}
{"level":"warn","message":"18/9/2023: Se intento acceder a una ruta no valida - /favicon.ico"}
{"level":"warn","message":"18/9/2023: Se intento acceder a una ruta no valida - /favicon.ico"}
{"level":"warn","message":"18/9/2023: Se intento acceder a una ruta no valida - /favicon.ico"}
{"level":"warn","message":"18/9/2023: Se intento acceder a una ruta no valida - /favicon.ico"}
{"level":"warn","message":"18/9/2023: Se intento acceder a una ruta no valida - /favicon.ico"}
{"level":"warn","message":"18/9/2023: Se intento acceder a una ruta no valida - /carts/public/styles/styles.css"}
{"level":"warn","message":"18/9/2023: Se intento acceder a una ruta no valida - /favicon.ico"}
{"level":"warn","message":"18/9/2023: Se intento acceder a una ruta no valida - /api/carts/public/styles/styles.css"}
{"level":"warn","message":"18/9/2023: Se intento acceder a una ruta no valida - /favicon.ico"}
{"level":"warn","message":"18/9/2023: Se intento acceder a una ruta no valida - /favicon.ico"}
{"level":"warn","message":"18/9/2023: Se intento acceder a una ruta no valida - /favicon.ico"}
{"level":"warn","message":"18/9/2023: Se intento acceder a una ruta no valida - /favicon.ico"}
{"level":"warn","message":"18/9/2023: Se intento acceder a una ruta no valida - /favicon.ico"}
{"level":"warn","message":"18/9/2023: Se intento acceder a una ruta no valida - /carts/public/styles/styles.css"}
{"level":"warn","message":"18/9/2023: Se intento acceder a una ruta no valida - /favicon.ico"}
{"level":"warn","message":"18/9/2023: Se intento acceder a una ruta no valida - /api/carts/public/styles/styles.css"}
{"level":"warn","message":"18/9/2023: Se intento acceder a una ruta no valida - /favicon.ico"}
{"level":"warn","message":"18/9/2023: Se intento acceder a una ruta no valida - /favicon.ico"}
{"level":"warn","message":"18/9/2023: Se intento acceder a una ruta no valida - /favicon.ico"}
{"level":"warn","message":"18/9/2023: Se intento acceder a una ruta no valida - /carts/public/styles/styles.css"}
{"level":"warn","message":"18/9/2023: Se intento acceder a una ruta no valida - /favicon.ico"}
{"level":"warn","message":"18/9/2023: Se intento acceder a una ruta no valida - /favicon.ico"}
{"level":"warn","message":"18/9/2023: Se intento acceder a una ruta no valida - /favicon.ico"}
{"level":"warn","message":"18/9/2023: Se intento acceder a una ruta no valida - /favicon.ico"}
{"level":"warn","message":"18/9/2023: Se intento acceder a una ruta no valida - /favicon.ico"}
{"level":"warn","message":"18/9/2023: Se intento acceder a una ruta no valida - /favicon.ico"}
{"level":"warn","message":"18/9/2023: Se intento acceder a una ruta no valida - /favicon.ico"}
{"level":"warn","message":"19/9/2023: Se intento acceder a una ruta no valida - /favicon.ico"}
{"level":"warn","message":"19/9/2023: Se intento acceder a una ruta no valida - /favicon.ico"}
{"level":"warn","message":"19/9/2023: Se intento acceder a una ruta no valida - /favicon.ico"}
{"level":"warn","message":"19/9/2023: Se intento acceder a una ruta no valida - /favicon.ico"}
{"level":"warn","message":"19/9/2023: Se intento acceder a una ruta no valida - /favicon.ico"}
{"level":"warn","message":"19/9/2023: Se intento acceder a una ruta no valida - /favicon.ico"}
{"level":"warn","message":"19/9/2023: Usuario cerro Sesion - /logout"}
{"level":"warn","message":"19/9/2023: Se intento acceder a una ruta no valida - /favicon.ico"}
{"level":"warn","message":"19/9/2023: Se intento acceder a una ruta no valida - /favicon.ico"}
{"level":"warn","message":"19/9/2023: Se intento acceder a una ruta no valida - /favicon.ico"}
{"level":"warn","message":"19/9/2023: Se intento acceder a una ruta no valida - /favicon.ico"}
{"level":"warn","message":"19/9/2023: Se intento acceder a una ruta no valida - /favicon.ico"}
{"level":"warn","message":"19/9/2023: Se intento acceder a una ruta no valida - /favicon.ico"}
{"level":"warn","message":"19/9/2023: Se intento acceder a una ruta no valida - /favicon.ico"}
{"level":"warn","message":"19/9/2023: Se intento acceder a una ruta no valida - /favicon.ico"}
{"level":"warn","message":"19/9/2023: Se intento acceder a una ruta no valida - /favicon.ico"}
{"level":"warn","message":"19/9/2023: Se intento acceder a una ruta no valida - /favicon.ico"}
{"level":"warn","message":"19/9/2023: Se intento acceder a una ruta no valida - /utils/config.js"}
{"level":"warn","message":"19/9/2023: Se intento acceder a una ruta no valida - /favicon.ico"}
{"level":"warn","message":"19/9/2023: Se intento acceder a una ruta no valida - /favicon.ico"}
{"level":"warn","message":"19/9/2023: Se intento acceder a una ruta no valida - /favicon.ico"}
{"level":"warn","message":"19/9/2023: Se intento acceder a una ruta no valida - /favicon.ico"}
{"level":"warn","message":"19/9/2023: Se intento acceder a una ruta no valida - /favicon.ico"}
{"level":"warn","message":"19/9/2023: Se intento acceder a una ruta no valida - /favicon.ico"}
{"level":"warn","message":"19/9/2023: Se intento acceder a una ruta no valida - /favicon.ico"}
{"level":"warn","message":"19/9/2023: Se intento acceder a una ruta no valida - /favicon.ico"}
{"level":"warn","message":"19/9/2023: Se intento acceder a una ruta no valida - /favicon.ico"}
{"level":"warn","message":"19/9/2023: Se intento acceder a una ruta no valida - /()=%3E%7Breturn%20%22http://localhost:8080%22%7D/api/carts/64aff08e4f64690b6ebba41f/products/64627a7fc0581ac4d1aadbf1"}
{"level":"warn","message":"19/9/2023: Se intento acceder a una ruta no valida - /favicon.ico"}
{"level":"warn","message":"19/9/2023: Se intento acceder a una ruta no valida - /()=%3E%7Breturn%20%22http://localhost:8080%22%7D/api/carts/64aff08e4f64690b6ebba41f/products/64627a7fc0581ac4d1aadbf1"}
{"level":"warn","message":"19/9/2023: Se intento acceder a una ruta no valida - /favicon.ico"}
{"level":"warn","message":"19/9/2023: Se intento acceder a una ruta no valida - /favicon.ico"}
{"level":"warn","message":"19/9/2023: Se intento acceder a una ruta no valida - /favicon.ico"}
{"level":"warn","message":"19/9/2023: Se intento acceder a una ruta no valida - /favicon.ico"}
{"level":"warn","message":"19/9/2023: Se intento acceder a una ruta no valida - /favicon.ico"}
{"level":"warn","message":"19/9/2023: Se intento acceder a una ruta no valida - /favicon.ico"}
{"level":"warn","message":"19/9/2023: Se intento acceder a una ruta no valida - /favicon.ico"}
{"level":"warn","message":"19/9/2023: Se intento acceder a una ruta no valida - /favicon.ico"}
{"level":"warn","message":"19/9/2023: Se intento acceder a una ruta no valida - /favicon.ico"}
{"level":"warn","message":"19/9/2023: Se intento acceder a una ruta no valida - /favicon.ico"}
{"level":"warn","message":"19/9/2023: Se intento acceder a una ruta no valida - /favicon.ico"}
{"level":"warn","message":"19/9/2023: Se intento acceder a una ruta no valida - /favicon.ico"}
{"level":"warn","message":"19/9/2023: Se intento acceder a una ruta no valida - /favicon.ico"}
{"level":"warn","message":"19/9/2023: Se intento acceder a una ruta no valida - /favicon.ico"}
{"level":"warn","message":"19/9/2023: Se intento acceder a una ruta no valida - /favicon.ico"}
{"level":"warn","message":"19/9/2023: Se intento acceder a una ruta no valida - /favicon.ico"}
{"level":"warn","message":"19/9/2023: Se intento acceder a una ruta no valida - /favicon.ico"}
{"level":"warn","message":"19/9/2023: Se intento acceder a una ruta no valida - /favicon.ico"}
{"level":"warn","message":"19/9/2023: Se intento acceder a una ruta no valida - /favicon.ico"}
{"level":"warn","message":"19/9/2023: Se intento acceder a una ruta no valida - /favicon.ico"}
{"level":"warn","message":"19/9/2023: Se intento acceder a una ruta no valida - /favicon.ico"}
{"level":"warn","message":"19/9/2023: Se intento acceder a una ruta no valida - /favicon.ico"}
{"level":"warn","message":"19/9/2023: Se intento acceder a una ruta no valida - /favicon.ico"}
{"level":"warn","message":"19/9/2023: Se intento acceder a una ruta no valida - /favicon.ico"}
{"level":"warn","message":"19/9/2023: Se intento acceder a una ruta no valida - /favicon.ico"}
{"level":"warn","message":"19/9/2023: Se intento acceder a una ruta no valida - /favicon.ico"}
{"level":"warn","message":"19/9/2023: Se intento acceder a una ruta no valida - /class=%22card-img-top%22"}
{"level":"warn","message":"19/9/2023: Se intento acceder a una ruta no valida - /favicon.ico"}
{"level":"warn","message":"19/9/2023: Se intento acceder a una ruta no valida - /class=%22card-img-top%22"}
{"level":"warn","message":"19/9/2023: Se intento acceder a una ruta no valida - /favicon.ico"}
{"level":"warn","message":"19/9/2023: Se intento acceder a una ruta no valida - /favicon.ico"}
{"level":"warn","message":"19/9/2023: Se intento acceder a una ruta no valida - /favicon.ico"}
{"level":"warn","message":"19/9/2023: Se intento acceder a una ruta no valida - /class=%22card-img-top%22"}
{"level":"warn","message":"19/9/2023: Se intento acceder a una ruta no valida - /favicon.ico"}
{"level":"warn","message":"19/9/2023: Se intento acceder a una ruta no valida - /favicon.ico"}
{"level":"warn","message":"19/9/2023: Se intento acceder a una ruta no valida - /favicon.ico"}
{"level":"warn","message":"19/9/2023: Se intento acceder a una ruta no valida - /favicon.ico"}
{"level":"warn","message":"19/9/2023: Se intento acceder a una ruta no valida - /favicon.ico"}
{"level":"warn","message":"19/9/2023: Se intento acceder a una ruta no valida - /favicon.ico"}
{"level":"warn","message":"19/9/2023: Se intento acceder a una ruta no valida - /class=%22card-img-top%22"}
{"level":"warn","message":"19/9/2023: Se intento acceder a una ruta no valida - /favicon.ico"}
{"level":"warn","message":"19/9/2023: Se intento acceder a una ruta no valida - /favicon.ico"}
{"level":"warn","message":"19/9/2023: Se intento acceder a una ruta no valida - /favicon.ico"}
{"level":"warn","message":"19/9/2023: Se intento acceder a una ruta no valida - /favicon.ico"}
{"level":"warn","message":"19/9/2023: Se intento acceder a una ruta no valida - /favicon.ico"}
{"level":"warn","message":"19/9/2023: Se intento acceder a una ruta no valida - /favicon.ico"}
{"level":"warn","message":"19/9/2023: Se intento acceder a una ruta no valida - /class=%22card-img-top%22"}
{"level":"warn","message":"19/9/2023: Se intento acceder a una ruta no valida - /favicon.ico"}
{"level":"warn","message":"19/9/2023: Se intento acceder a una ruta no valida - /favicon.ico"}
{"level":"warn","message":"19/9/2023: Se intento acceder a una ruta no valida - /class=%22card-img-top%22"}
{"level":"warn","message":"19/9/2023: Se intento acceder a una ruta no valida - /favicon.ico"}
{"level":"warn","message":"19/9/2023: Se intento acceder a una ruta no valida - /favicon.ico"}
{"level":"warn","message":"19/9/2023: Se intento acceder a una ruta no valida - /favicon.ico"}
{"level":"warn","message":"19/9/2023: Se intento acceder a una ruta no valida - /favicon.ico"}
{"level":"warn","message":"19/9/2023: Se intento acceder a una ruta no valida - /favicon.ico"}
{"level":"warn","message":"19/9/2023: Se intento acceder a una ruta no valida - /favicon.ico"}
{"level":"warn","message":"19/9/2023: Se intento acceder a una ruta no valida - /favicon.ico"}
{"level":"warn","message":"19/9/2023: Se intento acceder a una ruta no valida - /favicon.ico"}
{"level":"warn","message":"19/9/2023: Se intento acceder a una ruta no valida - /favicon.ico"}
{"level":"warn","message":"19/9/2023: Se intento acceder a una ruta no valida - /favicon.ico"}
{"level":"warn","message":"19/9/2023: Se intento acceder a una ruta no valida - /favicon.ico"}
{"level":"warn","message":"19/9/2023: Se intento acceder a una ruta no valida - /favicon.ico"}
{"level":"warn","message":"19/9/2023: Se intento acceder a una ruta no valida - /favicon.ico"}
{"level":"warn","message":"19/9/2023: Usuario cerro Sesion - /logout"}
{"level":"warn","message":"19/9/2023: Se intento acceder a una ruta no valida - /favicon.ico"}
{"level":"warn","message":"19/9/2023: Se intento acceder a una ruta no valida - /favicon.ico"}
{"level":"warn","message":"19/9/2023: Se intento acceder a una ruta no valida - /favicon.ico"}
{"level":"warn","message":"19/9/2023: Se intento acceder a una ruta no valida - /favicon.ico"}
{"level":"warn","message":"19/9/2023: Se intento acceder a una ruta no valida - /favicon.ico"}
{"level":"warn","message":"19/9/2023: Se intento acceder a una ruta no valida - /favicon.ico"}
{"level":"warn","message":"19/9/2023: Se intento acceder a una ruta no valida - /favicon.ico"}
{"level":"warn","message":"19/9/2023: Se intento acceder a una ruta no valida - /favicon.ico"}
{"level":"warn","message":"19/9/2023: Se intento acceder a una ruta no valida - /favicon.ico"}
{"level":"warn","message":"19/9/2023: Se intento acceder a una ruta no valida - /favicon.ico"}
{"level":"warn","message":"19/9/2023: Se intento acceder a una ruta no valida - /favicon.ico"}
{"level":"warn","message":"19/9/2023: Se intento acceder a una ruta no valida - /favicon.ico"}
{"level":"warn","message":"19/9/2023: Se intento acceder a una ruta no valida - /favicon.ico"}
{"level":"warn","message":"19/9/2023: Se intento acceder a una ruta no valida - /favicon.ico"}
{"level":"warn","message":"19/9/2023: Se intento acceder a una ruta no valida - /favicon.ico"}
{"level":"warn","message":"19/9/2023: Se intento acceder a una ruta no valida - /favicon.ico"}
{"level":"warn","message":"19/9/2023: Se intento acceder a una ruta no valida - /favicon.ico"}
{"level":"warn","message":"19/9/2023: Se intento acceder a una ruta no valida - /favicon.ico"}
{"level":"warn","message":"19/9/2023: Se intento acceder a una ruta no valida - /favicon.ico"}
{"level":"warn","message":"19/9/2023: Se intento acceder a una ruta no valida - /favicon.ico"}
{"level":"warn","message":"19/9/2023: Se intento acceder a una ruta no valida - /carts/public/styles/styles.css"}
{"level":"warn","message":"19/9/2023: Se intento acceder a una ruta no valida - /favicon.ico"}
{"level":"warn","message":"19/9/2023: Se intento acceder a una ruta no valida - /favicon.ico"}
{"level":"warn","message":"19/9/2023: Se intento acceder a una ruta no valida - /favicon.ico"}
{"level":"warn","message":"19/9/2023: Usuario cerro Sesion - /logout"}
{"level":"warn","message":"19/9/2023: Se intento acceder a una ruta no valida - /favicon.ico"}
{"level":"warn","message":"19/9/2023: Se intento acceder a una ruta no valida - /favicon.ico"}
{"level":"warn","message":"19/9/2023: Se intento acceder a una ruta no valida - /favicon.ico"}
{"level":"warn","message":"19/9/2023: Se intento acceder a una ruta no valida - /carts/public/styles/styles.css"}
{"level":"warn","message":"19/9/2023: Se intento acceder a una ruta no valida - /favicon.ico"}
{"level":"warn","message":"19/9/2023: Se intento acceder a una ruta no valida - /favicon.ico"}
{"level":"warn","message":"19/9/2023: Se intento acceder a una ruta no valida - /favicon.ico"}
{"level":"warn","message":"19/9/2023: Se intento acceder a una ruta no valida - /favicon.ico"}
{"level":"warn","message":"19/9/2023: Se intento acceder a una ruta no valida - /favicon.ico"}
{"level":"warn","message":"19/9/2023: Usuario cerro Sesion - /logout"}
{"level":"warn","message":"19/9/2023: Se intento acceder a una ruta no valida - /favicon.ico"}
{"level":"warn","message":"19/9/2023: Se intento acceder a una ruta no valida - /favicon.ico"}
{"level":"warn","message":"19/9/2023: Se intento acceder a una ruta no valida - /favicon.ico"}
{"level":"warn","message":"19/9/2023: Se intento acceder a una ruta no valida - /favicon.ico"}
{"level":"warn","message":"19/9/2023: Se intento acceder a una ruta no valida - /favicon.ico"}
{"level":"warn","message":"19/9/2023: Se intento acceder a una ruta no valida - /favicon.ico"}
{"level":"warn","message":"19/9/2023: Se intento acceder a una ruta no valida - /favicon.ico"}
{"level":"warn","message":"19/9/2023: Se intento acceder a una ruta no valida - /favicon.ico"}
{"level":"warn","message":"19/9/2023: Se intento acceder a una ruta no valida - /favicon.ico"}
{"level":"warn","message":"19/9/2023: Se intento acceder a una ruta no valida - /favicon.ico"}
{"level":"warn","message":"19/9/2023: Se intento acceder a una ruta no valida - /favicon.ico"}
{"level":"warn","message":"19/9/2023: Usuario cerro Sesion - /logout"}
{"level":"warn","message":"19/9/2023: Se intento acceder a una ruta no valida - /favicon.ico"}
{"level":"warn","message":"19/9/2023: Se intento acceder a una ruta no valida - /favicon.ico"}
{"level":"warn","message":"19/9/2023: Se intento acceder a una ruta no valida - /favicon.ico"}
{"level":"warn","message":"19/9/2023: Se intento acceder a una ruta no valida - /carts/public/styles/styles.css"}
{"level":"warn","message":"19/9/2023: Se intento acceder a una ruta no valida - /favicon.ico"}
{"level":"warn","message":"19/9/2023: Se intento acceder a una ruta no valida - /api/carts/public/styles/styles.css"}
{"level":"warn","message":"19/9/2023: Se intento acceder a una ruta no valida - /favicon.ico"}
{"level":"warn","message":"19/9/2023: Se intento acceder a una ruta no valida - /favicon.ico"}
{"level":"warn","message":"19/9/2023: Se intento acceder a una ruta no valida - /favicon.ico"}
{"level":"warn","message":"19/9/2023: Se intento acceder a una ruta no valida - /carts/public/styles/styles.css"}
{"level":"warn","message":"19/9/2023: Se intento acceder a una ruta no valida - /favicon.ico"}
{"level":"warn","message":"19/9/2023: Se intento acceder a una ruta no valida - /api/carts/public/styles/styles.css"}
{"level":"warn","message":"19/9/2023: Se intento acceder a una ruta no valida - /favicon.ico"}
{"level":"warn","message":"19/9/2023: Se intento acceder a una ruta no valida - /favicon.ico"}
